<?xml version="1.0" encoding="UTF-8"?>
<testsuite xmlns:xsi="http://www.w3.org/2001/XMLSchema-instance" xsi:noNamespaceSchemaLocation="https://maven.apache.org/surefire/maven-surefire-plugin/xsd/surefire-test-report.xsd" version="3.0.1" name="es.upm.grise.profundizacion.order.OrderTest" time="0.527" tests="14" errors="0" skipped="0" failures="0">
  <properties>
[...]
</properties>
  <testcase name="testConstructorInitializesEmptyItemsList" classname="es.upm.grise.profundizacion.order.OrderTest" time="0.477">
    <system-err><![CDATA[Mockito is currently self-attaching to enable the inline-mock-maker. This will no longer work in future releases of the JDK. Please add Mockito as an agent to your build as described in Mockito's documentation: https://javadoc.io/doc/org.mockito/mockito-core/latest/org.mockito/org/mockito/Mockito.html#0.3
WARNING: A Java agent has been loaded dynamically (/Users/miguelrodriguezmbp/.m2/repository/net/bytebuddy/byte-buddy-agent/1.17.6/byte-buddy-agent-1.17.6.jar)
WARNING: If a serviceability tool is in use, please run with -XX:+EnableDynamicAgentLoading to hide this warning
WARNING: If a serviceability tool is not in use, please run with -Djdk.instrument.traceUsage for more information
WARNING: Dynamic loading of agents will be disallowed by default in a future release
]]></system-err>
  </testcase>
  <testcase name="testAddItemThrowsExceptionWhenPriceIsNegative" classname="es.upm.grise.profundizacion.order.OrderTest" time="0.011"/>
  <testcase name="testAddItemAcceptsPositiveQuantity" classname="es.upm.grise.profundizacion.order.OrderTest" time="0.002"/>
  <testcase name="testAddItemComplexScenarioWithMultipleProductsAndPrices" classname="es.upm.grise.profundizacion.order.OrderTest" time="0.006"/>
  <testcase name="testAddItemAddsNewItemToEmptyList" classname="es.upm.grise.profundizacion.order.OrderTest" time="0.001"/>
  <testcase name="testAddItemHandlesMultipleSuppliersForSameProduct" classname="es.upm.grise.profundizacion.order.OrderTest" time="0.003"/>
  <testcase name="testAddItemIncrementsQuantityMultipleTimes" classname="es.upm.grise.profundizacion.order.OrderTest" time="0.003"/>
  <testcase name="testAddItemAddsMultipleDifferentProducts" classname="es.upm.grise.profundizacion.order.OrderTest" time="0.002"/>
  <testcase name="testAddItemThrowsExceptionWhenQuantityIsZero" classname="es.upm.grise.profundizacion.order.OrderTest" time="0.002"/>
  <testcase name="testAddItemAcceptsPositivePrice" classname="es.upm.grise.profundizacion.order.OrderTest" time="0.001"/>
  <testcase name="testAddItemAcceptsZeroPrice" classname="es.upm.grise.profundizacion.order.OrderTest" time="0.001"/>
  <testcase name="testAddItemThrowsExceptionWhenQuantityIsNegative" classname="es.upm.grise.profundizacion.order.OrderTest" time="0.001"/>
  <testcase name="testAddItemIncrementsQuantityWhenProductAndPriceMatch" classname="es.upm.grise.profundizacion.order.OrderTest" time="0.001"/>
  <testcase name="testAddItemCreatesNewEntryWhenProductExistsButPriceDiffers" classname="es.upm.grise.profundizacion.order.OrderTest" time="0.002"/>
</testsuite>